[16-Dec-2015 12:32:05 UTC] PHP Notice:  Undefined index: to in /opt/lampp/htdocs/git/cometchat/client/web/plugins/screenshare/index.php on line 194
[16-Dec-2015 12:32:05 UTC] PHP Notice:  Undefined index: to in /opt/lampp/htdocs/git/cometchat/client/web/plugins/screenshare/index.php on line 195
[16-Dec-2015 12:43:55 UTC] PHP Notice:  Undefined index: to in /opt/lampp/htdocs/git/cometchat/client/web/plugins/screenshare/index.php on line 194
[16-Dec-2015 12:43:55 UTC] PHP Notice:  Undefined index: to in /opt/lampp/htdocs/git/cometchat/client/web/plugins/screenshare/index.php on line 195
[17-Dec-2015 11:13:44 UTC] PHP Notice:  Undefined index: to in /opt/lampp/htdocs/git/cometchat/client/web/plugins/screenshare/index.php on line 194
[17-Dec-2015 11:13:44 UTC] PHP Notice:  Undefined index: to in /opt/lampp/htdocs/git/cometchat/client/web/plugins/screenshare/index.php on line 195
[17-Dec-2015 11:20:08 UTC] PHP Notice:  Undefined index: to in /opt/lampp/htdocs/git/cometchat/client/web/plugins/screenshare/index.php on line 194
[17-Dec-2015 11:20:08 UTC] PHP Notice:  Undefined index: to in /opt/lampp/htdocs/git/cometchat/client/web/plugins/screenshare/index.php on line 195
[17-Dec-2015 11:21:05 UTC] PHP Notice:  Undefined index: to in /opt/lampp/htdocs/git/cometchat/client/web/plugins/screenshare/index.php on line 194
[17-Dec-2015 11:21:05 UTC] PHP Notice:  Undefined index: to in /opt/lampp/htdocs/git/cometchat/client/web/plugins/screenshare/index.php on line 195
[17-Dec-2015 11:23:18 UTC] PHP Notice:  Undefined index: to in /opt/lampp/htdocs/git/cometchat/client/web/plugins/screenshare/index.php on line 194
[17-Dec-2015 11:23:18 UTC] PHP Notice:  Undefined index: to in /opt/lampp/htdocs/git/cometchat/client/web/plugins/screenshare/index.php on line 195
[17-Dec-2015 11:24:10 UTC] PHP Notice:  Undefined index: to in /opt/lampp/htdocs/git/cometchat/client/web/plugins/screenshare/index.php on line 194
[17-Dec-2015 11:24:10 UTC] PHP Notice:  Undefined index: to in /opt/lampp/htdocs/git/cometchat/client/web/plugins/screenshare/index.php on line 195
[17-Dec-2015 11:26:04 UTC] PHP Notice:  Undefined index: to in /opt/lampp/htdocs/git/cometchat/client/web/plugins/screenshare/index.php on line 194
[17-Dec-2015 11:26:04 UTC] PHP Notice:  Undefined index: to in /opt/lampp/htdocs/git/cometchat/client/web/plugins/screenshare/index.php on line 195
[17-Dec-2015 11:31:33 UTC] PHP Notice:  Undefined index: to in /opt/lampp/htdocs/git/cometchat/client/web/plugins/screenshare/index.php on line 194
[17-Dec-2015 11:31:33 UTC] PHP Notice:  Undefined index: to in /opt/lampp/htdocs/git/cometchat/client/web/plugins/screenshare/index.php on line 195
[17-Dec-2015 11:32:29 UTC] PHP Notice:  Undefined index: to in /opt/lampp/htdocs/git/cometchat/client/web/plugins/screenshare/index.php on line 194
[17-Dec-2015 11:32:29 UTC] PHP Notice:  Undefined index: to in /opt/lampp/htdocs/git/cometchat/client/web/plugins/screenshare/index.php on line 195
[18-Dec-2015 07:48:57 UTC] PHP Notice:  Undefined variable: v1 in /opt/lampp/htdocs/git/cometchat/client/web/plugins/screenshare/index.php on line 330
[18-Dec-2015 07:48:57 UTC] PHP Notice:  Undefined variable: v0 in /opt/lampp/htdocs/git/cometchat/client/web/plugins/screenshare/index.php on line 330
[18-Dec-2015 07:48:57 UTC] PHP Notice:  Undefined variable: m1 in /opt/lampp/htdocs/git/cometchat/client/web/plugins/screenshare/index.php on line 330
[18-Dec-2015 07:48:57 UTC] PHP Notice:  Undefined variable: m0 in /opt/lampp/htdocs/git/cometchat/client/web/plugins/screenshare/index.php on line 330
[18-Dec-2015 07:48:57 UTC] PHP Notice:  Undefined variable: grp in /opt/lampp/htdocs/git/cometchat/client/web/plugins/screenshare/index.php on line 330
[18-Dec-2015 07:48:57 UTC] PHP Notice:  Undefined variable: cssurl in /opt/lampp/htdocs/git/cometchat/client/web/plugins/screenshare/index.php on line 330
[18-Dec-2015 07:55:53 UTC] PHP Notice:  Undefined variable: v1 in /opt/lampp/htdocs/git/cometchat/client/web/plugins/screenshare/index.php on line 349
[18-Dec-2015 07:55:53 UTC] PHP Notice:  Undefined variable: v0 in /opt/lampp/htdocs/git/cometchat/client/web/plugins/screenshare/index.php on line 349
[18-Dec-2015 07:55:53 UTC] PHP Notice:  Undefined variable: m1 in /opt/lampp/htdocs/git/cometchat/client/web/plugins/screenshare/index.php on line 349
[18-Dec-2015 07:55:53 UTC] PHP Notice:  Undefined variable: m0 in /opt/lampp/htdocs/git/cometchat/client/web/plugins/screenshare/index.php on line 349
[18-Dec-2015 07:55:53 UTC] PHP Notice:  Undefined variable: grp in /opt/lampp/htdocs/git/cometchat/client/web/plugins/screenshare/index.php on line 349
[18-Dec-2015 08:00:32 UTC] PHP Notice:  Undefined variable: grp in /opt/lampp/htdocs/git/cometchat/client/web/plugins/screenshare/index.php on line 330
[18-Dec-2015 08:02:32 UTC] PHP Notice:  Undefined variable: grp in /opt/lampp/htdocs/git/cometchat/client/web/plugins/screenshare/index.php on line 330
[18-Dec-2015 08:04:41 UTC] PHP Notice:  Undefined variable: grp in /opt/lampp/htdocs/git/cometchat/client/web/plugins/screenshare/index.php on line 349
[18-Dec-2015 08:09:32 UTC] PHP Notice:  Undefined variable: grp in /opt/lampp/htdocs/git/cometchat/client/web/plugins/screenshare/index.php on line 330
[18-Dec-2015 09:24:05 UTC] PHP Notice:  Undefined variable: grp in /opt/lampp/htdocs/git/cometchat/client/web/plugins/screenshare/index.php on line 330
[21-Dec-2015 07:02:15 UTC] PHP Notice:  Undefined variable: grp in /opt/lampp/htdocs/git/cometchat/client/web/plugins/screenshare/index.php on line 330
[21-Dec-2015 07:02:28 UTC] PHP Notice:  Undefined variable: grp in /opt/lampp/htdocs/git/cometchat/client/web/plugins/screenshare/index.php on line 349
[22-Dec-2015 09:24:56 UTC] PHP Notice:  Undefined variable: grp in /opt/lampp/htdocs/git/cometchat/client/web/plugins/screenshare/index.php on line 399
[22-Dec-2015 09:26:07 UTC] PHP Notice:  Undefined variable: grp in /opt/lampp/htdocs/git/cometchat/client/web/plugins/screenshare/index.php on line 399
[22-Dec-2015 09:27:35 UTC] PHP Notice:  Undefined variable: grp in /opt/lampp/htdocs/git/cometchat/client/web/plugins/screenshare/index.php on line 399
[22-Dec-2015 09:29:00 UTC] PHP Notice:  Undefined variable: grp in /opt/lampp/htdocs/git/cometchat/client/web/plugins/screenshare/index.php on line 399
[22-Dec-2015 09:30:14 UTC] PHP Notice:  Undefined variable: grp in /opt/lampp/htdocs/git/cometchat/client/web/plugins/screenshare/index.php on line 398
[22-Dec-2015 09:32:34 UTC] PHP Notice:  Undefined variable: grp in /opt/lampp/htdocs/git/cometchat/client/web/plugins/screenshare/index.php on line 398
[22-Dec-2015 09:33:14 UTC] PHP Notice:  Undefined variable: grp in /opt/lampp/htdocs/git/cometchat/client/web/plugins/screenshare/index.php on line 396
[22-Dec-2015 09:36:21 UTC] PHP Notice:  Undefined variable: grp in /opt/lampp/htdocs/git/cometchat/client/web/plugins/screenshare/index.php on line 398
[22-Dec-2015 09:43:52 UTC] PHP Notice:  Undefined variable: grp in /opt/lampp/htdocs/git/cometchat/client/web/plugins/screenshare/index.php on line 399
[22-Dec-2015 09:45:05 UTC] PHP Notice:  Undefined variable: grp in /opt/lampp/htdocs/git/cometchat/client/web/plugins/screenshare/index.php on line 399
[22-Dec-2015 09:49:29 UTC] PHP Notice:  Undefined variable: grp in /opt/lampp/htdocs/git/cometchat/client/web/plugins/screenshare/index.php on line 402
[22-Dec-2015 09:54:54 UTC] PHP Notice:  Undefined variable: grp in /opt/lampp/htdocs/git/cometchat/client/web/plugins/screenshare/index.php on line 403
[22-Dec-2015 10:01:18 UTC] PHP Notice:  Undefined variable: grp in /opt/lampp/htdocs/git/cometchat/client/web/plugins/screenshare/index.php on line 403
[22-Dec-2015 10:01:54 UTC] PHP Notice:  Undefined variable: grp in /opt/lampp/htdocs/git/cometchat/client/web/plugins/screenshare/index.php on line 403
[22-Dec-2015 10:02:52 UTC] PHP Notice:  Undefined variable: grp in /opt/lampp/htdocs/git/cometchat/client/web/plugins/screenshare/index.php on line 403
[22-Dec-2015 10:05:50 UTC] PHP Notice:  Undefined variable: grp in /opt/lampp/htdocs/git/cometchat/client/web/plugins/screenshare/index.php on line 404
[22-Dec-2015 10:06:04 UTC] PHP Notice:  Undefined variable: grp in /opt/lampp/htdocs/git/cometchat/client/web/plugins/screenshare/index.php on line 404
[22-Dec-2015 10:06:28 UTC] PHP Notice:  Undefined variable: grp in /opt/lampp/htdocs/git/cometchat/client/web/plugins/screenshare/index.php on line 404
[22-Dec-2015 10:09:44 UTC] PHP Notice:  Undefined variable: grp in /opt/lampp/htdocs/git/cometchat/client/web/plugins/screenshare/index.php on line 404
[22-Dec-2015 10:46:49 UTC] PHP Notice:  Undefined variable: grp in /opt/lampp/htdocs/git/cometchat/client/web/plugins/screenshare/index.php on line 404
[22-Dec-2015 10:48:40 UTC] PHP Notice:  Undefined variable: grp in /opt/lampp/htdocs/git/cometchat/client/web/plugins/screenshare/index.php on line 406
[22-Dec-2015 10:50:02 UTC] PHP Notice:  Undefined variable: grp in /opt/lampp/htdocs/git/cometchat/client/web/plugins/screenshare/index.php on line 406
[22-Dec-2015 10:52:58 UTC] PHP Notice:  Undefined variable: grp in /opt/lampp/htdocs/git/cometchat/client/web/plugins/screenshare/index.php on line 406
[22-Dec-2015 10:54:46 UTC] PHP Notice:  Undefined variable: grp in /opt/lampp/htdocs/git/cometchat/client/web/plugins/screenshare/index.php on line 406
[22-Dec-2015 10:57:53 UTC] PHP Notice:  Undefined variable: grp in /opt/lampp/htdocs/git/cometchat/client/web/plugins/screenshare/index.php on line 406
[22-Dec-2015 10:58:03 UTC] PHP Notice:  Undefined variable: grp in /opt/lampp/htdocs/git/cometchat/client/web/plugins/screenshare/index.php on line 425
[22-Dec-2015 10:58:38 UTC] PHP Notice:  Undefined variable: grp in /opt/lampp/htdocs/git/cometchat/client/web/plugins/screenshare/index.php on line 425
[22-Dec-2015 10:59:53 UTC] PHP Notice:  Undefined variable: grp in /opt/lampp/htdocs/git/cometchat/client/web/plugins/screenshare/index.php on line 421
[22-Dec-2015 10:59:53 UTC] PHP Notice:  Undefined variable: grp in /opt/lampp/htdocs/git/cometchat/client/web/plugins/screenshare/index.php on line 426
[22-Dec-2015 11:00:11 UTC] PHP Notice:  Undefined variable: grp in /opt/lampp/htdocs/git/cometchat/client/web/plugins/screenshare/index.php on line 406
[22-Dec-2015 11:00:30 UTC] PHP Notice:  Undefined variable: grp in /opt/lampp/htdocs/git/cometchat/client/web/plugins/screenshare/index.php on line 421
[22-Dec-2015 11:00:30 UTC] PHP Notice:  Undefined variable: grp in /opt/lampp/htdocs/git/cometchat/client/web/plugins/screenshare/index.php on line 426
[22-Dec-2015 11:01:56 UTC] PHP Notice:  Undefined variable: grp in /opt/lampp/htdocs/git/cometchat/client/web/plugins/screenshare/index.php on line 425
[22-Dec-2015 11:01:56 UTC] PHP Notice:  Undefined variable: grp in /opt/lampp/htdocs/git/cometchat/client/web/plugins/screenshare/index.php on line 428
[22-Dec-2015 11:02:41 UTC] PHP Notice:  Undefined variable: grp in /opt/lampp/htdocs/git/cometchat/client/web/plugins/screenshare/index.php on line 425
[22-Dec-2015 11:02:41 UTC] PHP Notice:  Undefined variable: grp in /opt/lampp/htdocs/git/cometchat/client/web/plugins/screenshare/index.php on line 428
[22-Dec-2015 11:03:20 UTC] PHP Notice:  Undefined variable: grp in /opt/lampp/htdocs/git/cometchat/client/web/plugins/screenshare/index.php on line 425
[22-Dec-2015 11:03:59 UTC] PHP Notice:  Undefined variable: grp in /opt/lampp/htdocs/git/cometchat/client/web/plugins/screenshare/index.php on line 425
[22-Dec-2015 11:04:49 UTC] PHP Notice:  Undefined variable: grp in /opt/lampp/htdocs/git/cometchat/client/web/plugins/screenshare/index.php on line 425
[22-Dec-2015 11:18:38 UTC] PHP Notice:  Undefined variable: grp in /opt/lampp/htdocs/git/cometchat/client/web/plugins/screenshare/index.php on line 408
[22-Dec-2015 11:20:19 UTC] PHP Notice:  Undefined variable: grp in /opt/lampp/htdocs/git/cometchat/client/web/plugins/screenshare/index.php on line 408
[22-Dec-2015 11:22:46 UTC] PHP Notice:  Undefined variable: grp in /opt/lampp/htdocs/git/cometchat/client/web/plugins/screenshare/index.php on line 408
[22-Dec-2015 11:23:36 UTC] PHP Notice:  Undefined variable: grp in /opt/lampp/htdocs/git/cometchat/client/web/plugins/screenshare/index.php on line 408
[22-Dec-2015 11:24:36 UTC] PHP Notice:  Undefined variable: grp in /opt/lampp/htdocs/git/cometchat/client/web/plugins/screenshare/index.php on line 409
[22-Dec-2015 11:25:29 UTC] PHP Notice:  Undefined variable: grp in /opt/lampp/htdocs/git/cometchat/client/web/plugins/screenshare/index.php on line 410
[22-Dec-2015 11:26:16 UTC] PHP Notice:  Undefined variable: grp in /opt/lampp/htdocs/git/cometchat/client/web/plugins/screenshare/index.php on line 409
[22-Dec-2015 11:27:06 UTC] PHP Notice:  Undefined variable: grp in /opt/lampp/htdocs/git/cometchat/client/web/plugins/screenshare/index.php on line 411
[22-Dec-2015 11:27:51 UTC] PHP Notice:  Undefined variable: grp in /opt/lampp/htdocs/git/cometchat/client/web/plugins/screenshare/index.php on line 411
[22-Dec-2015 11:28:31 UTC] PHP Notice:  Undefined variable: grp in /opt/lampp/htdocs/git/cometchat/client/web/plugins/screenshare/index.php on line 411
[22-Dec-2015 11:30:45 UTC] PHP Notice:  Undefined variable: grp in /opt/lampp/htdocs/git/cometchat/client/web/plugins/screenshare/index.php on line 409
[22-Dec-2015 11:31:39 UTC] PHP Notice:  Undefined variable: grp in /opt/lampp/htdocs/git/cometchat/client/web/plugins/screenshare/index.php on line 409
[22-Dec-2015 11:35:04 UTC] PHP Notice:  Undefined variable: grp in /opt/lampp/htdocs/git/cometchat/client/web/plugins/screenshare/index.php on line 409
[22-Dec-2015 11:35:33 UTC] PHP Notice:  Undefined variable: grp in /opt/lampp/htdocs/git/cometchat/client/web/plugins/screenshare/index.php on line 409
[22-Dec-2015 11:57:38 UTC] PHP Notice:  Undefined variable: grp in /opt/lampp/htdocs/git/cometchat/client/web/plugins/screenshare/index.php on line 409
[22-Dec-2015 12:00:31 UTC] PHP Notice:  Undefined variable: grp in /opt/lampp/htdocs/git/cometchat/client/web/plugins/screenshare/index.php on line 413
[22-Dec-2015 12:03:35 UTC] PHP Notice:  Undefined variable: grp in /opt/lampp/htdocs/git/cometchat/client/web/plugins/screenshare/index.php on line 413
[22-Dec-2015 12:17:05 UTC] PHP Notice:  Undefined variable: grp in /opt/lampp/htdocs/git/cometchat/client/web/plugins/screenshare/index.php on line 284
[22-Dec-2015 12:19:52 UTC] PHP Notice:  Undefined variable: grp in /opt/lampp/htdocs/git/cometchat/client/web/plugins/screenshare/index.php on line 284
[22-Dec-2015 12:24:37 UTC] PHP Notice:  Undefined variable: grp in /opt/lampp/htdocs/git/cometchat/client/web/plugins/screenshare/index.php on line 284
[22-Dec-2015 12:25:19 UTC] PHP Notice:  Undefined variable: grp in /opt/lampp/htdocs/git/cometchat/client/web/plugins/screenshare/index.php on line 284
[22-Dec-2015 12:26:49 UTC] PHP Notice:  Undefined variable: grp in /opt/lampp/htdocs/git/cometchat/client/web/plugins/screenshare/index.php on line 284
[22-Dec-2015 12:27:58 UTC] PHP Notice:  Undefined variable: grp in /opt/lampp/htdocs/git/cometchat/client/web/plugins/screenshare/index.php on line 284
[22-Dec-2015 12:28:49 UTC] PHP Notice:  Undefined variable: grp in /opt/lampp/htdocs/git/cometchat/client/web/plugins/screenshare/index.php on line 284
[22-Dec-2015 12:30:18 UTC] PHP Notice:  Undefined variable: grp in /opt/lampp/htdocs/git/cometchat/client/web/plugins/screenshare/index.php on line 284
[22-Dec-2015 12:41:28 UTC] PHP Notice:  Undefined variable: grp in /opt/lampp/htdocs/git/cometchat/client/web/plugins/screenshare/index.php on line 284
[22-Dec-2015 12:43:57 UTC] PHP Notice:  Undefined variable: grp in /opt/lampp/htdocs/git/cometchat/client/web/plugins/screenshare/index.php on line 284
[22-Dec-2015 13:09:33 UTC] PHP Notice:  Undefined variable: grp in /opt/lampp/htdocs/git/cometchat/client/web/plugins/screenshare/index.php on line 284
[22-Dec-2015 13:13:32 UTC] PHP Notice:  Undefined variable: grp in /opt/lampp/htdocs/git/cometchat/client/web/plugins/screenshare/index.php on line 284
[22-Dec-2015 13:19:39 UTC] PHP Notice:  Undefined variable: grp in /opt/lampp/htdocs/git/cometchat/client/web/plugins/screenshare/index.php on line 284
[22-Dec-2015 13:29:04 UTC] PHP Notice:  Undefined variable: grp in /opt/lampp/htdocs/git/cometchat/client/web/plugins/screenshare/index.php on line 284
[22-Dec-2015 13:29:52 UTC] PHP Notice:  Undefined variable: grp in /opt/lampp/htdocs/git/cometchat/client/web/plugins/screenshare/index.php on line 284
[22-Dec-2015 13:30:35 UTC] PHP Notice:  Undefined variable: grp in /opt/lampp/htdocs/git/cometchat/client/web/plugins/screenshare/index.php on line 284
[22-Dec-2015 13:41:24 UTC] PHP Notice:  Undefined variable: grp in /opt/lampp/htdocs/git/cometchat/client/web/plugins/screenshare/index.php on line 284
[22-Dec-2015 13:42:04 UTC] PHP Notice:  Undefined variable: grp in /opt/lampp/htdocs/git/cometchat/client/web/plugins/screenshare/index.php on line 284
[22-Dec-2015 13:45:50 UTC] PHP Notice:  Undefined variable: grp in /opt/lampp/htdocs/git/cometchat/client/web/plugins/screenshare/index.php on line 284
[22-Dec-2015 14:05:33 UTC] PHP Notice:  Undefined variable: grp in /opt/lampp/htdocs/git/cometchat/client/web/plugins/screenshare/index.php on line 284
[22-Dec-2015 14:06:25 UTC] PHP Notice:  Undefined variable: grp in /opt/lampp/htdocs/git/cometchat/client/web/plugins/screenshare/index.php on line 284
[22-Dec-2015 14:10:00 UTC] PHP Notice:  Undefined variable: grp in /opt/lampp/htdocs/git/cometchat/client/web/plugins/screenshare/index.php on line 284
[22-Dec-2015 14:13:23 UTC] PHP Notice:  Undefined variable: grp in /opt/lampp/htdocs/git/cometchat/client/web/plugins/screenshare/index.php on line 284
[22-Dec-2015 14:16:44 UTC] PHP Notice:  Undefined variable: grp in /opt/lampp/htdocs/git/cometchat/client/web/plugins/screenshare/index.php on line 284
[23-Dec-2015 04:42:03 UTC] PHP Notice:  Undefined variable: grp in /opt/lampp/htdocs/git/cometchat/client/web/plugins/screenshare/index.php on line 284
[23-Dec-2015 04:43:56 UTC] PHP Notice:  Undefined variable: grp in /opt/lampp/htdocs/git/cometchat/client/web/plugins/screenshare/index.php on line 284
[23-Dec-2015 04:45:41 UTC] PHP Notice:  Undefined variable: grp in /opt/lampp/htdocs/git/cometchat/client/web/plugins/screenshare/index.php on line 284
[23-Dec-2015 04:46:29 UTC] PHP Notice:  Undefined variable: grp in /opt/lampp/htdocs/git/cometchat/client/web/plugins/screenshare/index.php on line 284
[23-Dec-2015 05:20:28 UTC] PHP Notice:  Undefined variable: grp in /opt/lampp/htdocs/git/cometchat/client/web/plugins/screenshare/index.php on line 284
[23-Dec-2015 05:23:02 UTC] PHP Notice:  Undefined variable: grp in /opt/lampp/htdocs/git/cometchat/client/web/plugins/screenshare/index.php on line 284
[23-Dec-2015 05:23:46 UTC] PHP Notice:  Undefined variable: grp in /opt/lampp/htdocs/git/cometchat/client/web/plugins/screenshare/index.php on line 284
[23-Dec-2015 05:57:34 UTC] PHP Notice:  Undefined variable: grp in /opt/lampp/htdocs/git/cometchat/client/web/plugins/screenshare/index.php on line 284
[23-Dec-2015 06:03:51 UTC] PHP Notice:  Undefined variable: grp in /opt/lampp/htdocs/git/cometchat/client/web/plugins/screenshare/index.php on line 284
[23-Dec-2015 06:04:56 UTC] PHP Notice:  Undefined variable: grp in /opt/lampp/htdocs/git/cometchat/client/web/plugins/screenshare/index.php on line 284
[23-Dec-2015 06:06:51 UTC] PHP Notice:  Undefined variable: grp in /opt/lampp/htdocs/git/cometchat/client/web/plugins/screenshare/index.php on line 284
[23-Dec-2015 06:32:37 UTC] PHP Notice:  Undefined variable: grp in /opt/lampp/htdocs/git/cometchat/client/web/plugins/screenshare/index.php on line 284
[23-Dec-2015 06:33:17 UTC] PHP Notice:  Undefined variable: grp in /opt/lampp/htdocs/git/cometchat/client/web/plugins/screenshare/index.php on line 284
[23-Dec-2015 06:36:02 UTC] PHP Notice:  Undefined variable: grp in /opt/lampp/htdocs/git/cometchat/client/web/plugins/screenshare/index.php on line 284
[23-Dec-2015 06:36:40 UTC] PHP Notice:  Undefined variable: grp in /opt/lampp/htdocs/git/cometchat/client/web/plugins/screenshare/index.php on line 284
[23-Dec-2015 06:37:15 UTC] PHP Notice:  Undefined variable: grp in /opt/lampp/htdocs/git/cometchat/client/web/plugins/screenshare/index.php on line 284
[23-Dec-2015 06:37:44 UTC] PHP Notice:  Undefined variable: grp in /opt/lampp/htdocs/git/cometchat/client/web/plugins/screenshare/index.php on line 284
[23-Dec-2015 10:28:37 UTC] PHP Notice:  Undefined variable: grp in /opt/lampp/htdocs/git/cometchat/client/web/plugins/screenshare/index.php on line 284
[23-Dec-2015 10:30:32 UTC] PHP Notice:  Undefined variable: grp in /opt/lampp/htdocs/git/cometchat/client/web/plugins/screenshare/index.php on line 284
[23-Dec-2015 10:34:56 UTC] PHP Notice:  Undefined variable: grp in /opt/lampp/htdocs/git/cometchat/client/web/plugins/screenshare/index.php on line 284
[23-Dec-2015 10:35:25 UTC] PHP Notice:  Undefined variable: grp in /opt/lampp/htdocs/git/cometchat/client/web/plugins/screenshare/index.php on line 284
[23-Dec-2015 10:35:25 UTC] PHP Notice:  Undefined variable: grp in /opt/lampp/htdocs/git/cometchat/client/web/plugins/screenshare/index.php on line 285
[23-Dec-2015 10:36:08 UTC] PHP Notice:  Undefined variable: grp in /opt/lampp/htdocs/git/cometchat/client/web/plugins/screenshare/index.php on line 284
[23-Dec-2015 10:36:46 UTC] PHP Notice:  Undefined variable: grp in /opt/lampp/htdocs/git/cometchat/client/web/plugins/screenshare/index.php on line 284
[23-Dec-2015 10:36:46 UTC] PHP Notice:  Undefined variable: grp in /opt/lampp/htdocs/git/cometchat/client/web/plugins/screenshare/index.php on line 285
[23-Dec-2015 10:43:10 UTC] PHP Notice:  Undefined variable: grp in /opt/lampp/htdocs/git/cometchat/client/web/plugins/screenshare/index.php on line 285
[23-Dec-2015 10:43:55 UTC] PHP Notice:  Undefined variable: grp in /opt/lampp/htdocs/git/cometchat/client/web/plugins/screenshare/index.php on line 285
[23-Dec-2015 10:46:48 UTC] PHP Notice:  Undefined variable: grp in /opt/lampp/htdocs/git/cometchat/client/web/plugins/screenshare/index.php on line 285
