2016-08-06T07:35:59+00:00 NOTICE (5): Untranslated message within 'en': 
2016-08-06T07:35:59+00:00 NOTICE (5): Untranslated message within 'en': 
2016-08-06T07:35:59+00:00 NOTICE (5): Untranslated message within 'en': 
2016-08-06T07:36:00+00:00 NOTICE (5): Untranslated message within 'en': 
2016-08-06T07:36:00+00:00 NOTICE (5): Untranslated message within 'en': pagetitle-core-index-admin-index
2016-08-06T07:36:00+00:00 NOTICE (5): Untranslated message within 'en': 
2016-08-06T07:36:00+00:00 NOTICE (5): Untranslated message within 'en': 
2016-08-06T07:36:00+00:00 NOTICE (5): Untranslated message within 'en': Twitter Integration
2016-08-06T07:36:00+00:00 NOTICE (5): Untranslated message within 'en': Janrain Integration
2016-08-06T07:36:00+00:00 NOTICE (5): Untranslated message within 'en': Storage System
2016-08-06T07:36:00+00:00 NOTICE (5): Untranslated message within 'en': YN - File Sharing
2016-08-06T07:36:00+00:00 NOTICE (5): Untranslated message within 'en': YN - Job Posting
2016-08-06T07:36:00+00:00 NOTICE (5): Untranslated message within 'en': YN - Advanced Feed
2016-08-06T07:36:00+00:00 NOTICE (5): Untranslated message within 'en': YN SE API
2016-08-06T07:36:00+00:00 NOTICE (5): Untranslated message within 'en': Profile Popup
2016-08-06T07:36:00+00:00 NOTICE (5): Untranslated message within 'en':  YouNet Mobile
2016-08-06T07:36:00+00:00 NOTICE (5): Untranslated message within 'en': Social Brigde
2016-08-06T07:36:00+00:00 NOTICE (5): Untranslated message within 'en': YN Social Ads
2016-08-06T07:36:00+00:00 NOTICE (5): Untranslated message within 'en': Minify
2016-08-06T07:36:00+00:00 NOTICE (5): Untranslated message within 'en': YN - Resume
2016-08-06T07:36:00+00:00 NOTICE (5): Untranslated message within 'en': Welcome VK Page 
2016-08-06T07:36:00+00:00 NOTICE (5): Untranslated message within 'en': SEAO - SocialEngineAddOns Core
2016-08-06T07:36:00+00:00 NOTICE (5): Untranslated message within 'en': YN - Business
2016-08-06T07:36:00+00:00 NOTICE (5): Untranslated message within 'en': YN - Location-based System
2016-08-06T07:36:00+00:00 NOTICE (5): Untranslated message within 'en': YN - Mp3 Music
2016-08-06T07:36:00+00:00 NOTICE (5): Untranslated message within 'en': YN Listings
2016-08-06T07:36:00+00:00 NOTICE (5): Untranslated message within 'en': YN - Contest
2016-08-06T07:36:00+00:00 NOTICE (5): Untranslated message within 'en': Adv Menu System
2016-08-06T07:36:00+00:00 NOTICE (5): Untranslated message within 'en': SE Affiliate Program
2016-08-06T07:36:00+00:00 NOTICE (5): Untranslated message within 'en': VigLink
2016-08-06T07:36:00+00:00 NOTICE (5): Untranslated message within 'en': CometChat
2016-08-06T07:36:00+00:00 NOTICE (5): Untranslated message within 'en': CometChat Admin Panel
2016-08-06T07:36:00+00:00 NOTICE (5): Untranslated message within 'en': Advance Setting
2016-08-06T07:36:00+00:00 NOTICE (5): Untranslated message within 'en': Upgrade CometChat
2016-08-06T07:36:00+00:00 NOTICE (5): Untranslated message within 'en': 
2016-08-06T07:36:00+00:00 NOTICE (5): Untranslated message within 'en': Twitter Integration
2016-08-06T07:36:00+00:00 NOTICE (5): Untranslated message within 'en': Janrain Integration
2016-08-06T07:36:00+00:00 NOTICE (5): Untranslated message within 'en': Storage System
2016-08-06T07:36:00+00:00 NOTICE (5): Untranslated message within 'en': YN - File Sharing
2016-08-06T07:36:00+00:00 NOTICE (5): Untranslated message within 'en': YN - Job Posting
2016-08-06T07:36:00+00:00 NOTICE (5): Untranslated message within 'en': YN - Advanced Feed
2016-08-06T07:36:00+00:00 NOTICE (5): Untranslated message within 'en': YN SE API
2016-08-06T07:36:00+00:00 NOTICE (5): Untranslated message within 'en': Profile Popup
2016-08-06T07:36:00+00:00 NOTICE (5): Untranslated message within 'en':  YouNet Mobile
2016-08-06T07:36:00+00:00 NOTICE (5): Untranslated message within 'en': Social Brigde
2016-08-06T07:36:00+00:00 NOTICE (5): Untranslated message within 'en': YN Social Ads
2016-08-06T07:36:00+00:00 NOTICE (5): Untranslated message within 'en': Minify
2016-08-06T07:36:00+00:00 NOTICE (5): Untranslated message within 'en': YN - Resume
2016-08-06T07:36:00+00:00 NOTICE (5): Untranslated message within 'en': Welcome VK Page 
2016-08-06T07:36:00+00:00 NOTICE (5): Untranslated message within 'en': SEAO - SocialEngineAddOns Core
2016-08-06T07:36:00+00:00 NOTICE (5): Untranslated message within 'en': YN - Business
2016-08-06T07:36:00+00:00 NOTICE (5): Untranslated message within 'en': YN - Location-based System
2016-08-06T07:36:00+00:00 NOTICE (5): Untranslated message within 'en': YN - Mp3 Music
2016-08-06T07:36:00+00:00 NOTICE (5): Untranslated message within 'en': YN Listings
2016-08-06T07:36:00+00:00 NOTICE (5): Untranslated message within 'en': YN - Contest
2016-08-06T07:36:00+00:00 NOTICE (5): Untranslated message within 'en': Adv Menu System
2016-08-06T07:36:00+00:00 NOTICE (5): Untranslated message within 'en': SE Affiliate Program
2016-08-06T07:36:00+00:00 NOTICE (5): Untranslated message within 'en': VigLink
2016-08-06T07:36:00+00:00 NOTICE (5): Untranslated message within 'en': CometChat
2016-08-06T07:36:00+00:00 NOTICE (5): Untranslated message within 'en': CometChat Admin Panel
2016-08-06T07:36:00+00:00 NOTICE (5): Untranslated message within 'en': Advance Setting
2016-08-06T07:36:00+00:00 NOTICE (5): Untranslated message within 'en': Upgrade CometChat
2016-08-06T07:36:00+00:00 NOTICE (5): Untranslated message within 'en': 
2016-08-06T07:36:53+00:00 NOTICE (5): Untranslated message within 'en': 
2016-08-06T07:36:53+00:00 NOTICE (5): Untranslated message within 'en': 
2016-08-06T07:36:53+00:00 NOTICE (5): Untranslated message within 'en': 
2016-08-06T07:36:53+00:00 NOTICE (5): Untranslated message within 'en': 
2016-08-06T07:36:53+00:00 NOTICE (5): Untranslated message within 'en': pagetitle-core-index-admin-index
2016-08-06T07:36:53+00:00 NOTICE (5): Untranslated message within 'en': 
2016-08-06T07:36:53+00:00 NOTICE (5): Untranslated message within 'en': 
2016-08-06T07:36:53+00:00 NOTICE (5): Untranslated message within 'en': Twitter Integration
2016-08-06T07:36:53+00:00 NOTICE (5): Untranslated message within 'en': Janrain Integration
2016-08-06T07:36:53+00:00 NOTICE (5): Untranslated message within 'en': Storage System
2016-08-06T07:36:53+00:00 NOTICE (5): Untranslated message within 'en': YN - File Sharing
2016-08-06T07:36:53+00:00 NOTICE (5): Untranslated message within 'en': YN - Job Posting
2016-08-06T07:36:53+00:00 NOTICE (5): Untranslated message within 'en': YN - Advanced Feed
2016-08-06T07:36:53+00:00 NOTICE (5): Untranslated message within 'en': YN SE API
2016-08-06T07:36:53+00:00 NOTICE (5): Untranslated message within 'en': Profile Popup
2016-08-06T07:36:53+00:00 NOTICE (5): Untranslated message within 'en':  YouNet Mobile
2016-08-06T07:36:53+00:00 NOTICE (5): Untranslated message within 'en': Social Brigde
2016-08-06T07:36:53+00:00 NOTICE (5): Untranslated message within 'en': YN Social Ads
2016-08-06T07:36:53+00:00 NOTICE (5): Untranslated message within 'en': Minify
2016-08-06T07:36:53+00:00 NOTICE (5): Untranslated message within 'en': YN - Resume
2016-08-06T07:36:53+00:00 NOTICE (5): Untranslated message within 'en': Welcome VK Page 
2016-08-06T07:36:53+00:00 NOTICE (5): Untranslated message within 'en': SEAO - SocialEngineAddOns Core
2016-08-06T07:36:53+00:00 NOTICE (5): Untranslated message within 'en': YN - Business
2016-08-06T07:36:53+00:00 NOTICE (5): Untranslated message within 'en': YN - Location-based System
2016-08-06T07:36:53+00:00 NOTICE (5): Untranslated message within 'en': YN - Mp3 Music
2016-08-06T07:36:53+00:00 NOTICE (5): Untranslated message within 'en': YN Listings
2016-08-06T07:36:53+00:00 NOTICE (5): Untranslated message within 'en': YN - Contest
2016-08-06T07:36:53+00:00 NOTICE (5): Untranslated message within 'en': Adv Menu System
2016-08-06T07:36:53+00:00 NOTICE (5): Untranslated message within 'en': SE Affiliate Program
2016-08-06T07:36:53+00:00 NOTICE (5): Untranslated message within 'en': VigLink
2016-08-06T07:36:53+00:00 NOTICE (5): Untranslated message within 'en': CometChat
2016-08-06T07:36:53+00:00 NOTICE (5): Untranslated message within 'en': CometChat Admin Panel
2016-08-06T07:36:53+00:00 NOTICE (5): Untranslated message within 'en': Advance Setting
2016-08-06T07:36:53+00:00 NOTICE (5): Untranslated message within 'en': Upgrade CometChat
2016-08-06T07:36:53+00:00 NOTICE (5): Untranslated message within 'en': 
2016-08-06T07:36:54+00:00 NOTICE (5): Untranslated message within 'en': Twitter Integration
2016-08-06T07:36:54+00:00 NOTICE (5): Untranslated message within 'en': Janrain Integration
2016-08-06T07:36:54+00:00 NOTICE (5): Untranslated message within 'en': Storage System
2016-08-06T07:36:54+00:00 NOTICE (5): Untranslated message within 'en': YN - File Sharing
2016-08-06T07:36:54+00:00 NOTICE (5): Untranslated message within 'en': YN - Job Posting
2016-08-06T07:36:54+00:00 NOTICE (5): Untranslated message within 'en': YN - Advanced Feed
2016-08-06T07:36:54+00:00 NOTICE (5): Untranslated message within 'en': YN SE API
2016-08-06T07:36:54+00:00 NOTICE (5): Untranslated message within 'en': Profile Popup
2016-08-06T07:36:54+00:00 NOTICE (5): Untranslated message within 'en':  YouNet Mobile
2016-08-06T07:36:54+00:00 NOTICE (5): Untranslated message within 'en': Social Brigde
2016-08-06T07:36:54+00:00 NOTICE (5): Untranslated message within 'en': YN Social Ads
2016-08-06T07:36:54+00:00 NOTICE (5): Untranslated message within 'en': Minify
2016-08-06T07:36:54+00:00 NOTICE (5): Untranslated message within 'en': YN - Resume
2016-08-06T07:36:54+00:00 NOTICE (5): Untranslated message within 'en': Welcome VK Page 
2016-08-06T07:36:54+00:00 NOTICE (5): Untranslated message within 'en': SEAO - SocialEngineAddOns Core
2016-08-06T07:36:54+00:00 NOTICE (5): Untranslated message within 'en': YN - Business
2016-08-06T07:36:54+00:00 NOTICE (5): Untranslated message within 'en': YN - Location-based System
2016-08-06T07:36:54+00:00 NOTICE (5): Untranslated message within 'en': YN - Mp3 Music
2016-08-06T07:36:54+00:00 NOTICE (5): Untranslated message within 'en': YN Listings
2016-08-06T07:36:54+00:00 NOTICE (5): Untranslated message within 'en': YN - Contest
2016-08-06T07:36:54+00:00 NOTICE (5): Untranslated message within 'en': Adv Menu System
2016-08-06T07:36:54+00:00 NOTICE (5): Untranslated message within 'en': SE Affiliate Program
2016-08-06T07:36:54+00:00 NOTICE (5): Untranslated message within 'en': VigLink
2016-08-06T07:36:54+00:00 NOTICE (5): Untranslated message within 'en': CometChat
2016-08-06T07:36:54+00:00 NOTICE (5): Untranslated message within 'en': CometChat Admin Panel
2016-08-06T07:36:54+00:00 NOTICE (5): Untranslated message within 'en': Advance Setting
2016-08-06T07:36:54+00:00 NOTICE (5): Untranslated message within 'en': Upgrade CometChat
2016-08-06T07:36:54+00:00 NOTICE (5): Untranslated message within 'en': 
2016-08-06T07:36:57+00:00 NOTICE (5): Untranslated message within 'en': 
2016-08-06T07:36:57+00:00 NOTICE (5): Untranslated message within 'en': File-Sharing
2016-08-06T07:36:57+00:00 NOTICE (5): Untranslated message within 'en': 
2016-08-06T07:36:57+00:00 NOTICE (5): Untranslated message within 'en': Posts
2016-08-06T07:36:57+00:00 NOTICE (5): Untranslated message within 'en': Following Feeds
2016-08-06T07:36:57+00:00 NOTICE (5): Untranslated message within 'en': Write a reply...
2016-08-06T07:36:57+00:00 NOTICE (5): Untranslated message within 'en': > Which is business?
2016-08-06T07:36:57+00:00 NOTICE (5): Untranslated message within 'en': <i class='fa fa-lock'></i>
2016-08-06T07:36:57+00:00 NOTICE (5): Untranslated message within 'en': Add a business to post
2016-08-06T07:36:57+00:00 NOTICE (5): Untranslated message within 'en': Cake
2016-08-06T07:36:57+00:00 NOTICE (5): Untranslated message within 'en': Cake
2016-08-06T07:36:57+00:00 NOTICE (5): Untranslated message within 'en': Tongue Out
2016-08-06T07:36:57+00:00 NOTICE (5): Untranslated message within 'en': Tongue Out
2016-08-06T07:36:57+00:00 NOTICE (5): Untranslated message within 'en': What\'s on your mind?
2016-08-06T07:36:57+00:00 NOTICE (5): Untranslated message within 'en': Posts
2016-08-06T07:36:57+00:00 NOTICE (5): Untranslated message within 'en': Following Feeds
2016-08-06T07:36:57+00:00 NOTICE (5): Untranslated message within 'en': I don't want to see this
2016-08-06T07:36:57+00:00 NOTICE (5): Untranslated message within 'en': I don't want to see this
2016-08-06T07:36:57+00:00 NOTICE (5): Untranslated message within 'en': channel
2016-08-06T07:36:57+00:00 NOTICE (5): Untranslated message within 'en': Animation
2016-08-06T07:36:57+00:00 NOTICE (5): Untranslated message within 'en': 50
2016-08-06T07:36:57+00:00 NOTICE (5): Untranslated message within 'en': The tech freak
2016-08-06T07:36:57+00:00 NOTICE (5): Untranslated message within 'en': Animation
2016-08-06T07:36:57+00:00 NOTICE (5): Untranslated message within 'en': 50
2016-08-06T07:36:57+00:00 NOTICE (5): Untranslated message within 'en': Whitetiger25245
2016-08-06T07:36:57+00:00 NOTICE (5): Untranslated message within 'en': I don't want to see this
2016-08-06T07:36:57+00:00 NOTICE (5): Untranslated message within 'en': I don't want to see this
2016-08-06T07:36:57+00:00 NOTICE (5): Untranslated message within 'en': I don't want to see this
2016-08-06T07:36:57+00:00 NOTICE (5): Untranslated message within 'en': I don't want to see this
2016-08-06T07:36:58+00:00 NOTICE (5): Untranslated message within 'en': I don't want to see this
2016-08-06T07:36:58+00:00 NOTICE (5): Untranslated message within 'en': I don't want to see this
2016-08-06T07:36:58+00:00 NOTICE (5): Untranslated message within 'en': I don't want to see this
2016-08-06T07:36:58+00:00 NOTICE (5): Untranslated message within 'en': 
2016-08-06T07:36:58+00:00 NOTICE (5): Untranslated message within 'en': Member Home Page
2016-08-06T07:36:58+00:00 NOTICE (5): Untranslated message within 'en': We will try not to show you this ad again.
2016-08-06T07:36:58+00:00 NOTICE (5): Untranslated message within 'en': We will try not to show you this ad again.
2016-08-06T07:36:58+00:00 NOTICE (5): Untranslated message within 'en': pagetitle-user-home-index
2016-08-06T07:36:58+00:00 NOTICE (5): Untranslated message within 'en': TheCliqs
2016-08-06T07:36:58+00:00 NOTICE (5): Untranslated message within 'en': 
2016-08-06T07:36:58+00:00 NOTICE (5): Untranslated message within 'en': 
2016-08-06T07:36:58+00:00 NOTICE (5): Untranslated message within 'en': Menu
2016-08-06T07:37:04+00:00 NOTICE (5): Untranslated message within 'en': 
2016-08-06T07:37:04+00:00 NOTICE (5): Untranslated message within 'en': File-Sharing
2016-08-06T07:37:04+00:00 NOTICE (5): Untranslated message within 'en': 
2016-08-06T07:37:04+00:00 NOTICE (5): Untranslated message within 'en': Posts
2016-08-06T07:37:04+00:00 NOTICE (5): Untranslated message within 'en': Following Feeds
2016-08-06T07:37:04+00:00 NOTICE (5): Untranslated message within 'en': Write a reply...
2016-08-06T07:37:04+00:00 NOTICE (5): Untranslated message within 'en': > Which is business?
2016-08-06T07:37:04+00:00 NOTICE (5): Untranslated message within 'en': <i class='fa fa-lock'></i>
2016-08-06T07:37:04+00:00 NOTICE (5): Untranslated message within 'en': Add a business to post
2016-08-06T07:37:04+00:00 NOTICE (5): Untranslated message within 'en': Cake
2016-08-06T07:37:04+00:00 NOTICE (5): Untranslated message within 'en': Cake
2016-08-06T07:37:04+00:00 NOTICE (5): Untranslated message within 'en': Tongue Out
2016-08-06T07:37:04+00:00 NOTICE (5): Untranslated message within 'en': Tongue Out
2016-08-06T07:37:04+00:00 NOTICE (5): Untranslated message within 'en': What\'s on your mind?
2016-08-06T07:37:04+00:00 NOTICE (5): Untranslated message within 'en': Posts
2016-08-06T07:37:04+00:00 NOTICE (5): Untranslated message within 'en': Following Feeds
2016-08-06T07:37:04+00:00 NOTICE (5): Untranslated message within 'en': I don't want to see this
2016-08-06T07:37:04+00:00 NOTICE (5): Untranslated message within 'en': I don't want to see this
2016-08-06T07:37:04+00:00 NOTICE (5): Untranslated message within 'en': channel
2016-08-06T07:37:04+00:00 NOTICE (5): Untranslated message within 'en': Animation
2016-08-06T07:37:04+00:00 NOTICE (5): Untranslated message within 'en': 50
2016-08-06T07:37:04+00:00 NOTICE (5): Untranslated message within 'en': The tech freak
2016-08-06T07:37:04+00:00 NOTICE (5): Untranslated message within 'en': Animation
2016-08-06T07:37:04+00:00 NOTICE (5): Untranslated message within 'en': 50
2016-08-06T07:37:04+00:00 NOTICE (5): Untranslated message within 'en': Whitetiger25245
2016-08-06T07:37:04+00:00 NOTICE (5): Untranslated message within 'en': I don't want to see this
2016-08-06T07:37:04+00:00 NOTICE (5): Untranslated message within 'en': I don't want to see this
2016-08-06T07:37:04+00:00 NOTICE (5): Untranslated message within 'en': I don't want to see this
2016-08-06T07:37:04+00:00 NOTICE (5): Untranslated message within 'en': I don't want to see this
2016-08-06T07:37:04+00:00 NOTICE (5): Untranslated message within 'en': I don't want to see this
2016-08-06T07:37:04+00:00 NOTICE (5): Untranslated message within 'en': I don't want to see this
2016-08-06T07:37:04+00:00 NOTICE (5): Untranslated message within 'en': I don't want to see this
2016-08-06T07:37:04+00:00 NOTICE (5): Untranslated message within 'en': 
2016-08-06T07:37:04+00:00 NOTICE (5): Untranslated message within 'en': Member Home Page
2016-08-06T07:37:05+00:00 NOTICE (5): Untranslated message within 'en': We will try not to show you this ad again.
2016-08-06T07:37:05+00:00 NOTICE (5): Untranslated message within 'en': We will try not to show you this ad again.
2016-08-06T07:37:05+00:00 NOTICE (5): Untranslated message within 'en': pagetitle-user-home-index
2016-08-06T07:37:05+00:00 NOTICE (5): Untranslated message within 'en': TheCliqs
2016-08-06T07:37:05+00:00 NOTICE (5): Untranslated message within 'en': 
2016-08-06T07:37:05+00:00 NOTICE (5): Untranslated message within 'en': 
2016-08-06T07:37:05+00:00 NOTICE (5): Untranslated message within 'en': Menu
